{
  "RSpec": {
    "coverage": {
      "/Users/joaoabbott-gribben/Projects/messenger/spec/features/infrastructure_spec.rb": [
        1,
        1,
        1,
        1,
        null,
        null
      ],
      "/Users/joaoabbott-gribben/Projects/messenger/spec/features/input_spec.rb": [
        1,
        1,
        1,
        1,
        1,
        1,
        null,
        null
      ],
      "/Users/joaoabbott-gribben/Projects/messenger/spec/features/messenger_spec.rb": [
        1,
        1,
        1,
        1,
        null,
        null,
        null,
        1,
        1,
        1,
        1,
        1,
        1,
        1,
        1,
        1,
        1,
        1,
        1,
        null,
        null
      ],
      "/Users/joaoabbott-gribben/Projects/messenger/spec/history_spec.rb": [
        1,
        null,
        1,
        null,
        4,
        4,
        2,
        2,
        null,
        1,
        1,
        1,
        null,
        null,
        1,
        1,
        1,
        1,
        1,
        null,
        null,
        null,
        1,
        null,
        1,
        1,
        1,
        null,
        null,
        null,
        null
      ],
      "/Users/joaoabbott-gribben/Projects/messenger/lib/history.rb": [
        1,
        null,
        1,
        3,
        null,
        null,
        1,
        5,
        null,
        null,
        1,
        2,
        null,
        null
      ],
      "/Users/joaoabbott-gribben/Projects/messenger/spec/unit_tests/message_spec.rb": [
        1,
        null,
        1,
        null,
        2,
        2,
        null,
        1,
        1,
        null,
        null
      ]
    },
    "timestamp": 1545146606
  }
}
